android/app/build/intermediates/manifest_merge_blame_file/debug/manifest-merger-blame-debug-report.txt
1<?xml version="1.0" encoding="utf-8"?>
2<manifest xmlns:android="http://schemas.android.com/apk/res/android"
3    package="com.blitterstudio.amiberry"
4    android:versionCode="1"
5    android:versionName="8.0.0" >
6
7    <uses-sdk
8        android:minSdkVersion="30"
9        android:targetSdkVersion="34" />
10
11    <!-- Permissions -->
12    <uses-permission android:name="android.permission.INTERNET" />
12-->src/main/AndroidManifest.xml:5:5-67
12-->src/main/AndroidManifest.xml:5:22-64
13    <uses-permission android:name="android.permission.READ_EXTERNAL_STORAGE" />
13-->src/main/AndroidManifest.xml:6:5-80
13-->src/main/AndroidManifest.xml:6:22-77
14    <uses-permission
14-->src/main/AndroidManifest.xml:7:5-8:38
15        android:name="android.permission.WRITE_EXTERNAL_STORAGE"
15-->src/main/AndroidManifest.xml:7:22-78
16        android:maxSdkVersion="29" />
16-->src/main/AndroidManifest.xml:8:9-35
17    <uses-permission android:name="android.permission.MANAGE_EXTERNAL_STORAGE" />
17-->src/main/AndroidManifest.xml:9:5-82
17-->src/main/AndroidManifest.xml:9:22-79
18    <uses-permission android:name="android.permission.VIBRATE" />
18-->src/main/AndroidManifest.xml:10:5-66
18-->src/main/AndroidManifest.xml:10:22-63
19    <uses-permission android:name="android.permission.MODIFY_AUDIO_SETTINGS" />
19-->src/main/AndroidManifest.xml:11:5-80
19-->src/main/AndroidManifest.xml:11:22-77
20
21    <!-- Game controller feature -->
22    <uses-feature
22-->src/main/AndroidManifest.xml:14:5-16:36
23        android:name="android.hardware.gamepad"
23-->src/main/AndroidManifest.xml:15:9-48
24        android:required="false" />
24-->src/main/AndroidManifest.xml:16:9-33
25
26    <!-- OpenGL ES 3.0 -->
27    <uses-feature
27-->src/main/AndroidManifest.xml:19:5-21:35
28        android:glEsVersion="0x00030000"
28-->src/main/AndroidManifest.xml:20:9-41
29        android:required="true" />
29-->src/main/AndroidManifest.xml:21:9-32
30
31    <!-- 64-bit only -->
32    <uses-feature
32-->src/main/AndroidManifest.xml:24:5-26:35
33        android:name="android.hardware.ram.normal"
33-->src/main/AndroidManifest.xml:25:9-51
34        android:required="true" />
34-->src/main/AndroidManifest.xml:26:9-32
35
36    <permission
36-->[androidx.core:core:1.12.0] AndroidManifest.xml:22:5-24:47
37        android:name="com.blitterstudio.amiberry.DYNAMIC_RECEIVER_NOT_EXPORTED_PERMISSION"
37-->[androidx.core:core:1.12.0] AndroidManifest.xml:23:9-81
38        android:protectionLevel="signature" />
38-->[androidx.core:core:1.12.0] AndroidManifest.xml:24:9-44
39
40    <uses-permission android:name="com.blitterstudio.amiberry.DYNAMIC_RECEIVER_NOT_EXPORTED_PERMISSION" />
40-->[androidx.core:core:1.12.0] AndroidManifest.xml:26:5-97
40-->[androidx.core:core:1.12.0] AndroidManifest.xml:26:22-94
41
42    <application
42-->src/main/AndroidManifest.xml:28:5-78:19
43        android:allowBackup="true"
43-->src/main/AndroidManifest.xml:29:9-35
44        android:appComponentFactory="androidx.core.app.CoreComponentFactory"
44-->[androidx.core:core:1.12.0] AndroidManifest.xml:28:18-86
45        android:debuggable="true"
46        android:extractNativeLibs="true"
46-->src/main/AndroidManifest.xml:37:9-41
47        android:hasFragileUserData="true"
47-->src/main/AndroidManifest.xml:35:9-42
48        android:icon="@mipmap/ic_launcher"
48-->src/main/AndroidManifest.xml:30:9-43
49        android:label="@string/app_name"
49-->src/main/AndroidManifest.xml:31:9-41
50        android:requestLegacyExternalStorage="true"
50-->src/main/AndroidManifest.xml:36:9-52
51        android:roundIcon="@mipmap/ic_launcher_round"
51-->src/main/AndroidManifest.xml:32:9-54
52        android:supportsRtl="true"
52-->src/main/AndroidManifest.xml:33:9-35
53        android:theme="@style/Theme.Amiberry" >
53-->src/main/AndroidManifest.xml:34:9-46
54
55        <!-- Launcher Activity - handles first-run folder selection -->
56        <activity
56-->src/main/AndroidManifest.xml:40:9-51:20
57            android:name="com.blitterstudio.amiberry.LauncherActivity"
57-->src/main/AndroidManifest.xml:41:13-45
58            android:exported="true"
58-->src/main/AndroidManifest.xml:42:13-36
59            android:screenOrientation="sensorLandscape"
59-->src/main/AndroidManifest.xml:43:13-56
60            android:theme="@style/Theme.Amiberry" >
60-->src/main/AndroidManifest.xml:44:13-50
61            <intent-filter>
61-->src/main/AndroidManifest.xml:46:13-50:29
62                <action android:name="android.intent.action.MAIN" />
62-->src/main/AndroidManifest.xml:47:17-69
62-->src/main/AndroidManifest.xml:47:25-66
63
64                <category android:name="android.intent.category.LAUNCHER" />
64-->src/main/AndroidManifest.xml:48:17-77
64-->src/main/AndroidManifest.xml:48:27-74
65                <category android:name="android.intent.category.LEANBACK_LAUNCHER" />
65-->src/main/AndroidManifest.xml:49:17-86
65-->src/main/AndroidManifest.xml:49:27-83
66            </intent-filter>
67        </activity>
68
69        <!-- Main Amiberry Activity (SDL-based) -->
70        <activity
70-->src/main/AndroidManifest.xml:54:9-71:20
71            android:name="com.blitterstudio.amiberry.AmiberryActivity"
71-->src/main/AndroidManifest.xml:55:13-45
72            android:configChanges="orientation|screenSize|screenLayout|keyboardHidden|keyboard|navigation"
72-->src/main/AndroidManifest.xml:56:13-107
73            android:exported="true"
73-->src/main/AndroidManifest.xml:57:13-36
74            android:hardwareAccelerated="true"
74-->src/main/AndroidManifest.xml:58:13-47
75            android:launchMode="singleTask"
75-->src/main/AndroidManifest.xml:59:13-44
76            android:screenOrientation="fullUser" >
76-->src/main/AndroidManifest.xml:60:13-49
77
78            <!-- File associations for Amiga disk images -->
79            <intent-filter>
79-->src/main/AndroidManifest.xml:63:13-70:29
80                <action android:name="android.intent.action.VIEW" />
80-->src/main/AndroidManifest.xml:64:17-69
80-->src/main/AndroidManifest.xml:64:25-66
81
82                <category android:name="android.intent.category.DEFAULT" />
82-->src/main/AndroidManifest.xml:65:17-76
82-->src/main/AndroidManifest.xml:65:27-73
83
84                <data android:scheme="file" />
84-->src/main/AndroidManifest.xml:66:17-47
84-->src/main/AndroidManifest.xml:66:23-44
85                <data android:mimeType="*/*" />
85-->src/main/AndroidManifest.xml:66:17-47
85-->src/main/AndroidManifest.xml:67:23-45
86                <data android:pathPattern=".*\\.adf" />
86-->src/main/AndroidManifest.xml:66:17-47
86-->src/main/AndroidManifest.xml:68:23-53
87                <data android:pathPattern=".*\\.ADF" />
87-->src/main/AndroidManifest.xml:66:17-47
87-->src/main/AndroidManifest.xml:68:23-53
88            </intent-filter>
89        </activity>
90
91        <!-- Android TV banner -->
92        <meta-data
92-->src/main/AndroidManifest.xml:74:9-76:54
93            android:name="android.leanback.icon"
93-->src/main/AndroidManifest.xml:75:13-49
94            android:resource="@mipmap/ic_launcher" />
94-->src/main/AndroidManifest.xml:76:13-51
95
96        <provider
96-->[androidx.emoji2:emoji2:1.2.0] AndroidManifest.xml:24:9-32:20
97            android:name="androidx.startup.InitializationProvider"
97-->[androidx.emoji2:emoji2:1.2.0] AndroidManifest.xml:25:13-67
98            android:authorities="com.blitterstudio.amiberry.androidx-startup"
98-->[androidx.emoji2:emoji2:1.2.0] AndroidManifest.xml:26:13-68
99            android:exported="false" >
99-->[androidx.emoji2:emoji2:1.2.0] AndroidManifest.xml:27:13-37
100            <meta-data
100-->[androidx.emoji2:emoji2:1.2.0] AndroidManifest.xml:29:13-31:52
101                android:name="androidx.emoji2.text.EmojiCompatInitializer"
101-->[androidx.emoji2:emoji2:1.2.0] AndroidManifest.xml:30:17-75
102                android:value="androidx.startup" />
102-->[androidx.emoji2:emoji2:1.2.0] AndroidManifest.xml:31:17-49
103            <meta-data
103-->[androidx.lifecycle:lifecycle-process:2.6.1] AndroidManifest.xml:29:13-31:52
104                android:name="androidx.lifecycle.ProcessLifecycleInitializer"
104-->[androidx.lifecycle:lifecycle-process:2.6.1] AndroidManifest.xml:30:17-78
105                android:value="androidx.startup" />
105-->[androidx.lifecycle:lifecycle-process:2.6.1] AndroidManifest.xml:31:17-49
106            <meta-data
106-->[androidx.profileinstaller:profileinstaller:1.3.0] AndroidManifest.xml:29:13-31:52
107                android:name="androidx.profileinstaller.ProfileInstallerInitializer"
107-->[androidx.profileinstaller:profileinstaller:1.3.0] AndroidManifest.xml:30:17-85
108                android:value="androidx.startup" />
108-->[androidx.profileinstaller:profileinstaller:1.3.0] AndroidManifest.xml:31:17-49
109        </provider>
110
111        <receiver
111-->[androidx.profileinstaller:profileinstaller:1.3.0] AndroidManifest.xml:34:9-52:20
112            android:name="androidx.profileinstaller.ProfileInstallReceiver"
112-->[androidx.profileinstaller:profileinstaller:1.3.0] AndroidManifest.xml:35:13-76
113            android:directBootAware="false"
113-->[androidx.profileinstaller:profileinstaller:1.3.0] AndroidManifest.xml:36:13-44
114            android:enabled="true"
114-->[androidx.profileinstaller:profileinstaller:1.3.0] AndroidManifest.xml:37:13-35
115            android:exported="true"
115-->[androidx.profileinstaller:profileinstaller:1.3.0] AndroidManifest.xml:38:13-36
116            android:permission="android.permission.DUMP" >
116-->[androidx.profileinstaller:profileinstaller:1.3.0] AndroidManifest.xml:39:13-57
117            <intent-filter>
117-->[androidx.profileinstaller:profileinstaller:1.3.0] AndroidManifest.xml:40:13-42:29
118                <action android:name="androidx.profileinstaller.action.INSTALL_PROFILE" />
118-->[androidx.profileinstaller:profileinstaller:1.3.0] AndroidManifest.xml:41:17-91
118-->[androidx.profileinstaller:profileinstaller:1.3.0] AndroidManifest.xml:41:25-88
119            </intent-filter>
120            <intent-filter>
120-->[androidx.profileinstaller:profileinstaller:1.3.0] AndroidManifest.xml:43:13-45:29
121                <action android:name="androidx.profileinstaller.action.SKIP_FILE" />
121-->[androidx.profileinstaller:profileinstaller:1.3.0] AndroidManifest.xml:44:17-85
121-->[androidx.profileinstaller:profileinstaller:1.3.0] AndroidManifest.xml:44:25-82
122            </intent-filter>
123            <intent-filter>
123-->[androidx.profileinstaller:profileinstaller:1.3.0] AndroidManifest.xml:46:13-48:29
124                <action android:name="androidx.profileinstaller.action.SAVE_PROFILE" />
124-->[androidx.profileinstaller:profileinstaller:1.3.0] AndroidManifest.xml:47:17-88
124-->[androidx.profileinstaller:profileinstaller:1.3.0] AndroidManifest.xml:47:25-85
125            </intent-filter>
126            <intent-filter>
126-->[androidx.profileinstaller:profileinstaller:1.3.0] AndroidManifest.xml:49:13-51:29
127                <action android:name="androidx.profileinstaller.action.BENCHMARK_OPERATION" />
127-->[androidx.profileinstaller:profileinstaller:1.3.0] AndroidManifest.xml:50:17-95
127-->[androidx.profileinstaller:profileinstaller:1.3.0] AndroidManifest.xml:50:25-92
128            </intent-filter>
129        </receiver>
130    </application>
131
132</manifest>